2021-09-29 16:37:30.207  INFO 17152 --- [main] com.wx.teacher.TeacherApplication        : No active profile set, falling back to default profiles: default
2021-09-29 16:37:31.666  WARN 17152 --- [main] o.s.boot.actuate.endpoint.EndpointId     : Endpoint ID 'bus-env' contains invalid characters, please migrate to a valid format.
2021-09-29 16:37:32.359  WARN 17152 --- [main] o.s.boot.actuate.endpoint.EndpointId     : Endpoint ID 'bus-refresh' contains invalid characters, please migrate to a valid format.
2021-09-29 16:37:32.606  WARN 17152 --- [main] o.s.boot.actuate.endpoint.EndpointId     : Endpoint ID 'service-registry' contains invalid characters, please migrate to a valid format.
2021-09-29 16:37:33.125  INFO 17152 --- [main] o.s.cloud.context.scope.GenericScope     : BeanFactory id=47197a87-0216-3373-b9df-759533c45731
2021-09-29 16:37:33.152  INFO 17152 --- [main] faultConfiguringBeanFactoryPostProcessor : No bean named 'errorChannel' has been explicitly defined. Therefore, a default PublishSubscribeChannel will be created.
2021-09-29 16:37:33.168  INFO 17152 --- [main] faultConfiguringBeanFactoryPostProcessor : No bean named 'taskScheduler' has been explicitly defined. Therefore, a default ThreadPoolTaskScheduler will be created.
2021-09-29 16:37:33.203  INFO 17152 --- [main] faultConfiguringBeanFactoryPostProcessor : No bean named 'integrationHeaderChannelRegistry' has been explicitly defined. Therefore, a default DefaultHeaderChannelRegistry will be created.
2021-09-29 16:37:33.471  INFO 17152 --- [main] trationDelegate$BeanPostProcessorChecker : Bean 'integrationChannelResolver' of type [org.springframework.integration.support.channel.BeanFactoryChannelResolver] is not eligible for getting processed by all BeanPostProcessors (for example: not eligible for auto-proxying)
2021-09-29 16:37:33.478  INFO 17152 --- [main] trationDelegate$BeanPostProcessorChecker : Bean 'integrationDisposableAutoCreatedBeans' of type [org.springframework.integration.config.annotation.Disposables] is not eligible for getting processed by all BeanPostProcessors (for example: not eligible for auto-proxying)
2021-09-29 16:37:33.507  INFO 17152 --- [main] trationDelegate$BeanPostProcessorChecker : Bean 'org.springframework.integration.config.IntegrationManagementConfiguration' of type [org.springframework.integration.config.IntegrationManagementConfiguration] is not eligible for getting processed by all BeanPostProcessors (for example: not eligible for auto-proxying)
2021-09-29 16:37:33.515  INFO 17152 --- [main] trationDelegate$BeanPostProcessorChecker : Bean 'org.springframework.boot.autoconfigure.integration.IntegrationAutoConfiguration$IntegrationJmxConfiguration' of type [org.springframework.boot.autoconfigure.integration.IntegrationAutoConfiguration$IntegrationJmxConfiguration] is not eligible for getting processed by all BeanPostProcessors (for example: not eligible for auto-proxying)
2021-09-29 16:37:33.536  INFO 17152 --- [main] trationDelegate$BeanPostProcessorChecker : Bean 'org.springframework.boot.autoconfigure.jmx.JmxAutoConfiguration' of type [org.springframework.boot.autoconfigure.jmx.JmxAutoConfiguration] is not eligible for getting processed by all BeanPostProcessors (for example: not eligible for auto-proxying)
2021-09-29 16:37:33.559  INFO 17152 --- [main] trationDelegate$BeanPostProcessorChecker : Bean 'mbeanServer' of type [com.sun.jmx.mbeanserver.JmxMBeanServer] is not eligible for getting processed by all BeanPostProcessors (for example: not eligible for auto-proxying)
2021-09-29 16:37:34.375  INFO 17152 --- [main] o.s.b.w.embedded.tomcat.TomcatWebServer  : Tomcat initialized with port(s): 9234 (http)
2021-09-29 16:37:34.409  INFO 17152 --- [main] o.apache.catalina.core.StandardService   : Starting service [Tomcat]
2021-09-29 16:37:34.413  INFO 17152 --- [main] org.apache.catalina.core.StandardEngine  : Starting Servlet engine: [Apache Tomcat/9.0.37]
2021-09-29 16:37:34.827  INFO 17152 --- [main] o.a.c.c.C.[Tomcat].[localhost].[/]       : Initializing Spring embedded WebApplicationContext
2021-09-29 16:37:34.828  INFO 17152 --- [main] w.s.c.ServletWebServerApplicationContext : Root WebApplicationContext: initialization completed in 4581 ms
2021-09-29 16:37:35.314  WARN 17152 --- [main] c.n.c.sources.URLConfigurationSource     : No URLs will be polled as dynamic configuration sources.
2021-09-29 16:37:35.751  WARN 17152 --- [main] c.n.c.sources.URLConfigurationSource     : No URLs will be polled as dynamic configuration sources.
2021-09-29 16:37:36.101  INFO 17152 --- [main] o.s.s.concurrent.ThreadPoolTaskExecutor  : Initializing ExecutorService 'applicationTaskExecutor'
2021-09-29 16:37:36.635  INFO 17152 --- [main] o.s.s.c.ThreadPoolTaskScheduler          : Initializing ExecutorService 'taskScheduler'
2021-09-29 16:37:36.658  INFO 17152 --- [main] onConfiguration$FunctionBindingRegistrar : Functional binding is disabled due to the presense of @EnableBinding annotation in your configuration
2021-09-29 16:37:42.880  INFO 17152 --- [main] DiscoveryClientOptionalArgsConfiguration : Eureka HTTP Client uses Jersey
2021-09-29 16:37:42.944  WARN 17152 --- [main] ockingLoadBalancerClientRibbonWarnLogger : You already have RibbonLoadBalancerClient on your classpath. It will be used by default. As Spring Cloud Ribbon is in maintenance mode. We recommend switching to BlockingLoadBalancerClient instead. In order to use it, set the value of `spring.cloud.loadbalancer.ribbon.enabled` to `false` or remove spring-cloud-starter-netflix-ribbon from your project.
2021-09-29 16:37:43.043  INFO 17152 --- [main] o.s.b.a.e.web.EndpointLinksResolver      : Exposing 23 endpoint(s) beneath base path '/actuator'
2021-09-29 16:37:43.312  INFO 17152 --- [main] o.s.c.s.m.DirectWithAttributesChannel    : Channel 'application-1.springCloudBusInput' has 1 subscriber(s).
2021-09-29 16:37:43.635  INFO 17152 --- [main] o.s.i.monitor.IntegrationMBeanExporter   : Registering MessageChannel nullChannel
2021-09-29 16:37:43.683  INFO 17152 --- [main] o.s.i.monitor.IntegrationMBeanExporter   : Registering MessageChannel springCloudBusOutput
2021-09-29 16:37:43.957  INFO 17152 --- [main] o.s.i.monitor.IntegrationMBeanExporter   : Registering MessageChannel errorChannel
2021-09-29 16:37:44.273  INFO 17152 --- [main] o.s.i.monitor.IntegrationMBeanExporter   : Registering MessageChannel springCloudBusInput
2021-09-29 16:37:44.314  INFO 17152 --- [main] o.s.i.monitor.IntegrationMBeanExporter   : Registering MessageHandler errorLogger
2021-09-29 16:37:44.480  INFO 17152 --- [main] o.s.i.monitor.IntegrationMBeanExporter   : Registering MessageHandler org.springframework.cloud.stream.binding.StreamListenerMessageHandler@554a4d18
2021-09-29 16:37:45.130  INFO 17152 --- [main] o.s.i.endpoint.EventDrivenConsumer       : Adding {logging-channel-adapter:_org.springframework.integration.errorLogger} as a subscriber to the 'errorChannel' channel
2021-09-29 16:37:45.130  INFO 17152 --- [main] o.s.i.channel.PublishSubscribeChannel    : Channel 'application-1.errorChannel' has 1 subscriber(s).
2021-09-29 16:37:45.131  INFO 17152 --- [main] o.s.i.endpoint.EventDrivenConsumer       : started bean '_org.springframework.integration.errorLogger'
2021-09-29 16:37:45.134  INFO 17152 --- [main] o.s.c.s.binder.DefaultBinderFactory      : Creating binder: rabbit
2021-09-29 16:37:46.248  INFO 17152 --- [main] o.s.c.s.binder.DefaultBinderFactory      : Caching the binder: rabbit
2021-09-29 16:37:46.248  INFO 17152 --- [main] o.s.c.s.binder.DefaultBinderFactory      : Retrieving cached binder: rabbit
2021-09-29 16:37:46.401  INFO 17152 --- [main] o.s.a.r.c.CachingConnectionFactory       : Attempting to connect to: [localhost:5672]
2021-09-29 16:37:46.475  INFO 17152 --- [main] o.s.a.r.c.CachingConnectionFactory       : Created new connection: rabbitConnectionFactory#3979c6e8:0/SimpleConnection@7bb2b910 [delegate=amqp://guest@127.0.0.1:5672/, localPort= 60898]
2021-09-29 16:37:46.543  INFO 17152 --- [main] o.s.c.s.m.DirectWithAttributesChannel    : Channel 'application-1.springCloudBusOutput' has 1 subscriber(s).
2021-09-29 16:37:46.556  INFO 17152 --- [main] o.s.c.n.eureka.InstanceInfoFactory       : Setting initial instance status as: STARTING
2021-09-29 16:37:48.348  INFO 17152 --- [main] o.s.c.n.e.s.EurekaServiceRegistry        : Registering application TEACHER-SERVER with eureka with status UP
2021-09-29 16:37:48.351  INFO 17152 --- [main] o.s.c.s.binder.DefaultBinderFactory      : Retrieving cached binder: rabbit
2021-09-29 16:37:48.453  INFO 17152 --- [main] c.s.b.r.p.RabbitExchangeQueueProvisioner : declaring queue for inbound: springCloudBus.anonymous.ByjGr5EGTyaDpb1kkZgJ0w, bound to: springCloudBus
2021-09-29 16:37:48.504  INFO 17152 --- [main] o.s.c.stream.binder.BinderErrorChannel   : Channel 'springCloudBus.anonymous.ByjGr5EGTyaDpb1kkZgJ0w.errors' has 1 subscriber(s).
2021-09-29 16:37:48.504  INFO 17152 --- [main] o.s.c.stream.binder.BinderErrorChannel   : Channel 'springCloudBus.anonymous.ByjGr5EGTyaDpb1kkZgJ0w.errors' has 2 subscriber(s).
2021-09-29 16:37:48.546  INFO 17152 --- [main] o.s.i.a.i.AmqpInboundChannelAdapter      : started bean 'inbound.springCloudBus.anonymous.ByjGr5EGTyaDpb1kkZgJ0w'
2021-09-29 16:37:48.595  INFO 17152 --- [main] o.s.b.w.embedded.tomcat.TomcatWebServer  : Tomcat started on port(s): 9234 (http) with context path ''
2021-09-29 16:37:48.596  INFO 17152 --- [main] .s.c.n.e.s.EurekaAutoServiceRegistration : Updating port to 9234
2021-09-29 16:37:50.066  INFO 17152 --- [main] o.s.i.monitor.IntegrationMBeanExporter   : Registering MessageChannel springCloudBus.anonymous.ByjGr5EGTyaDpb1kkZgJ0w.errors
2021-09-29 16:37:50.862  INFO 17152 --- [main] com.wx.teacher.TeacherApplication        : Started TeacherApplication in 25.732 seconds (JVM running for 30.437)
2021-09-29 16:37:52.647  INFO 17152 --- [RMI TCP Connection(5)-192.168.41.102] o.a.c.c.C.[Tomcat].[localhost].[/]       : Initializing Spring DispatcherServlet 'dispatcherServlet'
2021-09-29 16:37:52.648  INFO 17152 --- [RMI TCP Connection(5)-192.168.41.102] o.s.web.servlet.DispatcherServlet        : Initializing Servlet 'dispatcherServlet'
2021-09-29 16:37:52.658  INFO 17152 --- [RMI TCP Connection(5)-192.168.41.102] o.s.web.servlet.DispatcherServlet        : Completed initialization in 10 ms
2021-09-29 17:04:14.461  INFO 17152 --- [SpringContextShutdownHook] o.s.c.n.e.s.EurekaServiceRegistry        : Unregistering application TEACHER-SERVER with eureka with status DOWN
2021-09-29 17:04:14.461 ERROR 17152 --- [SpringContextShutdownHook] com.netflix.discovery.DiscoveryClient    : Saw local status change event StatusChangeEvent [timestamp=1632906254461, current=DOWN, previous=UP]
2021-09-29 17:04:15.323  INFO 17152 --- [SpringContextShutdownHook] o.s.a.r.l.SimpleMessageListenerContainer : Waiting for workers to finish.
2021-09-29 17:04:15.327  INFO 17152 --- [SpringContextShutdownHook] o.s.a.r.l.SimpleMessageListenerContainer : Successfully waited for workers to finish.
2021-09-29 17:04:15.327  INFO 17152 --- [SpringContextShutdownHook] o.s.i.a.i.AmqpInboundChannelAdapter      : stopped bean 'inbound.springCloudBus.anonymous.ByjGr5EGTyaDpb1kkZgJ0w'
2021-09-29 17:04:15.332  INFO 17152 --- [SpringContextShutdownHook] o.s.c.stream.binder.BinderErrorChannel   : Channel 'application-1.springCloudBus.anonymous.ByjGr5EGTyaDpb1kkZgJ0w.errors' has 1 subscriber(s).
2021-09-29 17:04:15.333  INFO 17152 --- [SpringContextShutdownHook] o.s.c.stream.binder.BinderErrorChannel   : Channel 'application-1.springCloudBus.anonymous.ByjGr5EGTyaDpb1kkZgJ0w.errors' has 0 subscriber(s).
2021-09-29 17:04:15.340  INFO 17152 --- [SpringContextShutdownHook] o.s.i.endpoint.EventDrivenConsumer       : Removing {logging-channel-adapter:_org.springframework.integration.errorLogger} as a subscriber to the 'errorChannel' channel
2021-09-29 17:04:15.340  INFO 17152 --- [SpringContextShutdownHook] o.s.i.channel.PublishSubscribeChannel    : Channel 'application-1.errorChannel' has 0 subscriber(s).
2021-09-29 17:04:15.340  INFO 17152 --- [SpringContextShutdownHook] o.s.i.endpoint.EventDrivenConsumer       : stopped bean '_org.springframework.integration.errorLogger'
2021-09-29 17:04:15.356  INFO 17152 --- [SpringContextShutdownHook] o.s.s.c.ThreadPoolTaskScheduler          : Shutting down ExecutorService 'taskScheduler'
2021-09-29 17:04:15.357  INFO 17152 --- [SpringContextShutdownHook] o.s.s.concurrent.ThreadPoolTaskExecutor  : Shutting down ExecutorService 'applicationTaskExecutor'
2021-09-29 17:04:15.360  INFO 17152 --- [SpringContextShutdownHook] o.s.i.monitor.IntegrationMBeanExporter   : Summary on shutdown: nullChannel
2021-09-29 17:04:15.360  INFO 17152 --- [SpringContextShutdownHook] o.s.i.monitor.IntegrationMBeanExporter   : Summary on shutdown: bean 'springCloudBusOutput'
2021-09-29 17:04:15.360  INFO 17152 --- [SpringContextShutdownHook] o.s.i.monitor.IntegrationMBeanExporter   : Summary on shutdown: bean 'errorChannel'
2021-09-29 17:04:15.360  INFO 17152 --- [SpringContextShutdownHook] o.s.i.monitor.IntegrationMBeanExporter   : Summary on shutdown: bean 'springCloudBusInput'
2021-09-29 17:04:15.360  INFO 17152 --- [SpringContextShutdownHook] o.s.i.monitor.IntegrationMBeanExporter   : Summary on shutdown: bean '_org.springframework.integration.errorLogger.handler' for component '_org.springframework.integration.errorLogger'
2021-09-29 17:04:15.360  INFO 17152 --- [SpringContextShutdownHook] o.s.i.monitor.IntegrationMBeanExporter   : Summary on shutdown: org.springframework.cloud.stream.binding.StreamListenerMessageHandler@554a4d18
2021-09-29 17:04:18.366  WARN 17152 --- [DiscoveryClient-1] c.netflix.discovery.TimedSupervisorTask  : task supervisor shutting down, can't accept the task
2021-09-29 17:04:44.487  INFO [teacher-server,,,] 11940 --- [main] com.wx.teacher.TeacherApplication        : No active profile set, falling back to default profiles: default
2021-09-29 17:04:47.081  WARN [teacher-server,,,] 11940 --- [main] o.s.boot.actuate.endpoint.EndpointId     : Endpoint ID 'bus-env' contains invalid characters, please migrate to a valid format.
2021-09-29 17:04:48.994  WARN [teacher-server,,,] 11940 --- [main] o.s.boot.actuate.endpoint.EndpointId     : Endpoint ID 'bus-refresh' contains invalid characters, please migrate to a valid format.
2021-09-29 17:04:49.162  WARN [teacher-server,,,] 11940 --- [main] o.s.boot.actuate.endpoint.EndpointId     : Endpoint ID 'service-registry' contains invalid characters, please migrate to a valid format.
2021-09-29 17:04:50.045  INFO [teacher-server,,,] 11940 --- [main] o.s.cloud.context.scope.GenericScope     : BeanFactory id=ca790ff1-bc21-3550-9d3a-c8e255e534cd
2021-09-29 17:04:50.114  INFO [teacher-server,,,] 11940 --- [main] faultConfiguringBeanFactoryPostProcessor : No bean named 'errorChannel' has been explicitly defined. Therefore, a default PublishSubscribeChannel will be created.
2021-09-29 17:04:50.145  INFO [teacher-server,,,] 11940 --- [main] faultConfiguringBeanFactoryPostProcessor : No bean named 'taskScheduler' has been explicitly defined. Therefore, a default ThreadPoolTaskScheduler will be created.
2021-09-29 17:04:50.185  INFO [teacher-server,,,] 11940 --- [main] faultConfiguringBeanFactoryPostProcessor : No bean named 'integrationHeaderChannelRegistry' has been explicitly defined. Therefore, a default DefaultHeaderChannelRegistry will be created.
2021-09-29 17:04:51.283  INFO [teacher-server,,,] 11940 --- [main] trationDelegate$BeanPostProcessorChecker : Bean 'integrationChannelResolver' of type [org.springframework.integration.support.channel.BeanFactoryChannelResolver] is not eligible for getting processed by all BeanPostProcessors (for example: not eligible for auto-proxying)
2021-09-29 17:04:51.300  INFO [teacher-server,,,] 11940 --- [main] trationDelegate$BeanPostProcessorChecker : Bean 'integrationDisposableAutoCreatedBeans' of type [org.springframework.integration.config.annotation.Disposables] is not eligible for getting processed by all BeanPostProcessors (for example: not eligible for auto-proxying)
2021-09-29 17:04:51.398  INFO [teacher-server,,,] 11940 --- [main] trationDelegate$BeanPostProcessorChecker : Bean 'org.springframework.integration.config.IntegrationManagementConfiguration' of type [org.springframework.integration.config.IntegrationManagementConfiguration] is not eligible for getting processed by all BeanPostProcessors (for example: not eligible for auto-proxying)
2021-09-29 17:04:51.432  INFO [teacher-server,,,] 11940 --- [main] trationDelegate$BeanPostProcessorChecker : Bean 'org.springframework.boot.autoconfigure.integration.IntegrationAutoConfiguration$IntegrationJmxConfiguration' of type [org.springframework.boot.autoconfigure.integration.IntegrationAutoConfiguration$IntegrationJmxConfiguration] is not eligible for getting processed by all BeanPostProcessors (for example: not eligible for auto-proxying)
2021-09-29 17:04:51.467  INFO [teacher-server,,,] 11940 --- [main] trationDelegate$BeanPostProcessorChecker : Bean 'org.springframework.boot.autoconfigure.jmx.JmxAutoConfiguration' of type [org.springframework.boot.autoconfigure.jmx.JmxAutoConfiguration] is not eligible for getting processed by all BeanPostProcessors (for example: not eligible for auto-proxying)
2021-09-29 17:04:51.483  INFO [teacher-server,,,] 11940 --- [main] trationDelegate$BeanPostProcessorChecker : Bean 'mbeanServer' of type [com.sun.jmx.mbeanserver.JmxMBeanServer] is not eligible for getting processed by all BeanPostProcessors (for example: not eligible for auto-proxying)
2021-09-29 17:04:53.294  INFO [teacher-server,,,] 11940 --- [main] o.s.b.w.embedded.tomcat.TomcatWebServer  : Tomcat initialized with port(s): 9234 (http)
2021-09-29 17:04:53.346  INFO [teacher-server,,,] 11940 --- [main] o.apache.catalina.core.StandardService   : Starting service [Tomcat]
2021-09-29 17:04:53.346  INFO [teacher-server,,,] 11940 --- [main] org.apache.catalina.core.StandardEngine  : Starting Servlet engine: [Apache Tomcat/9.0.37]
2021-09-29 17:04:54.433  INFO [teacher-server,,,] 11940 --- [main] o.a.c.c.C.[Tomcat].[localhost].[/]       : Initializing Spring embedded WebApplicationContext
2021-09-29 17:04:54.434  INFO [teacher-server,,,] 11940 --- [main] w.s.c.ServletWebServerApplicationContext : Root WebApplicationContext: initialization completed in 9902 ms
2021-09-29 17:04:55.358  WARN [teacher-server,,,] 11940 --- [main] c.n.c.sources.URLConfigurationSource     : No URLs will be polled as dynamic configuration sources.
2021-09-29 17:04:57.822  WARN [teacher-server,,,] 11940 --- [main] o.s.c.s.zipkin2.ZipkinAutoConfiguration  : Check result of the [RestTemplateSender{http://localhost:6666/api/v2/spans}] contains an error [CheckResult{ok=false, error=org.springframework.web.client.ResourceAccessException: I/O error on POST request for "http://localhost:6666/api/v2/spans": Read timed out; nested exception is java.net.SocketTimeoutException: Read timed out}]
2021-09-29 17:05:05.117  INFO [teacher-server,,,] 11940 --- [main] o.s.s.c.ThreadPoolTaskScheduler          : Initializing ExecutorService 'taskScheduler'
2021-09-29 17:05:06.902  WARN [teacher-server,,,] 11940 --- [main] c.n.c.sources.URLConfigurationSource     : No URLs will be polled as dynamic configuration sources.
2021-09-29 17:05:07.511  INFO [teacher-server,,,] 11940 --- [main] o.s.s.concurrent.ThreadPoolTaskExecutor  : Initializing ExecutorService 'applicationTaskExecutor'
2021-09-29 17:05:08.407  INFO [teacher-server,,,] 11940 --- [main] onConfiguration$FunctionBindingRegistrar : Functional binding is disabled due to the presense of @EnableBinding annotation in your configuration
2021-09-29 17:05:11.548  INFO [teacher-server,,,] 11940 --- [main] DiscoveryClientOptionalArgsConfiguration : Eureka HTTP Client uses Jersey
2021-09-29 17:05:11.701  WARN [teacher-server,,,] 11940 --- [main] ockingLoadBalancerClientRibbonWarnLogger : You already have RibbonLoadBalancerClient on your classpath. It will be used by default. As Spring Cloud Ribbon is in maintenance mode. We recommend switching to BlockingLoadBalancerClient instead. In order to use it, set the value of `spring.cloud.loadbalancer.ribbon.enabled` to `false` or remove spring-cloud-starter-netflix-ribbon from your project.
2021-09-29 17:05:14.293  INFO [teacher-server,,,] 11940 --- [main] o.s.b.a.e.web.EndpointLinksResolver      : Exposing 23 endpoint(s) beneath base path '/actuator'
2021-09-29 17:05:15.083  INFO [teacher-server,,,] 11940 --- [main] o.s.c.s.m.DirectWithAttributesChannel    : Channel 'application-1.springCloudBusInput' has 1 subscriber(s).
2021-09-29 17:05:15.694  INFO [teacher-server,,,] 11940 --- [main] o.s.i.monitor.IntegrationMBeanExporter   : Registering MessageChannel springCloudBusOutput
2021-09-29 17:05:16.055  INFO [teacher-server,,,] 11940 --- [main] o.s.i.monitor.IntegrationMBeanExporter   : Registering MessageChannel springCloudBusInput
2021-09-29 17:05:16.077  INFO [teacher-server,,,] 11940 --- [main] o.s.i.monitor.IntegrationMBeanExporter   : Registering MessageChannel errorChannel
2021-09-29 17:05:16.348  INFO [teacher-server,,,] 11940 --- [main] o.s.i.monitor.IntegrationMBeanExporter   : Registering MessageChannel nullChannel
2021-09-29 17:05:16.418  INFO [teacher-server,,,] 11940 --- [main] o.s.i.monitor.IntegrationMBeanExporter   : Registering MessageHandler org.springframework.cloud.stream.binding.StreamListenerMessageHandler@329cdafa
2021-09-29 17:05:16.780  INFO [teacher-server,,,] 11940 --- [main] o.s.i.monitor.IntegrationMBeanExporter   : Registering MessageHandler errorLogger
2021-09-29 17:05:16.888  INFO [teacher-server,,,] 11940 --- [main] o.s.i.endpoint.EventDrivenConsumer       : Adding {logging-channel-adapter:_org.springframework.integration.errorLogger} as a subscriber to the 'errorChannel' channel
2021-09-29 17:05:16.889  INFO [teacher-server,,,] 11940 --- [main] o.s.i.channel.PublishSubscribeChannel    : Channel 'application-1.errorChannel' has 1 subscriber(s).
2021-09-29 17:05:16.889  INFO [teacher-server,,,] 11940 --- [main] o.s.i.endpoint.EventDrivenConsumer       : started bean '_org.springframework.integration.errorLogger'
2021-09-29 17:05:16.894  INFO [teacher-server,,,] 11940 --- [main] o.s.c.s.binder.DefaultBinderFactory      : Creating binder: rabbit
2021-09-29 17:05:18.414  INFO [teacher-server,,,] 11940 --- [main] o.s.c.s.binder.DefaultBinderFactory      : Caching the binder: rabbit
2021-09-29 17:05:18.415  INFO [teacher-server,,,] 11940 --- [main] o.s.c.s.binder.DefaultBinderFactory      : Retrieving cached binder: rabbit
2021-09-29 17:05:18.769  INFO [teacher-server,,,] 11940 --- [main] o.s.a.r.c.CachingConnectionFactory       : Attempting to connect to: [localhost:5672]
2021-09-29 17:05:18.862  INFO [teacher-server,,,] 11940 --- [main] o.s.a.r.c.CachingConnectionFactory       : Created new connection: rabbitConnectionFactory#54f25b42:0/SimpleConnection@456b12c3 [delegate=amqp://guest@127.0.0.1:5672/, localPort= 55265]
2021-09-29 17:05:18.998  INFO [teacher-server,,,] 11940 --- [main] o.s.c.s.m.DirectWithAttributesChannel    : Channel 'application-1.springCloudBusOutput' has 1 subscriber(s).
2021-09-29 17:05:19.076  INFO [teacher-server,,,] 11940 --- [main] o.s.c.n.eureka.InstanceInfoFactory       : Setting initial instance status as: STARTING
2021-09-29 17:05:21.582  INFO [teacher-server,,,] 11940 --- [main] o.s.c.n.e.s.EurekaServiceRegistry        : Registering application TEACHER-SERVER with eureka with status UP
2021-09-29 17:05:21.593  INFO [teacher-server,,,] 11940 --- [main] o.s.c.s.binder.DefaultBinderFactory      : Retrieving cached binder: rabbit
2021-09-29 17:05:21.716  INFO [teacher-server,,,] 11940 --- [main] c.s.b.r.p.RabbitExchangeQueueProvisioner : declaring queue for inbound: springCloudBus.anonymous.HJwPR4xlS5Wcf1Ay0sva_g, bound to: springCloudBus
2021-09-29 17:05:21.750  INFO [teacher-server,,,] 11940 --- [main] o.s.c.stream.binder.BinderErrorChannel   : Channel 'springCloudBus.anonymous.HJwPR4xlS5Wcf1Ay0sva_g.errors' has 1 subscriber(s).
2021-09-29 17:05:21.750  INFO [teacher-server,,,] 11940 --- [main] o.s.c.stream.binder.BinderErrorChannel   : Channel 'springCloudBus.anonymous.HJwPR4xlS5Wcf1Ay0sva_g.errors' has 2 subscriber(s).
2021-09-29 17:05:22.169  INFO [teacher-server,,,] 11940 --- [main] o.s.i.a.i.AmqpInboundChannelAdapter      : started bean 'inbound.springCloudBus.anonymous.HJwPR4xlS5Wcf1Ay0sva_g'
2021-09-29 17:05:22.236  INFO [teacher-server,,,] 11940 --- [main] o.s.b.w.embedded.tomcat.TomcatWebServer  : Tomcat started on port(s): 9234 (http) with context path ''
2021-09-29 17:05:22.238  INFO [teacher-server,,,] 11940 --- [main] .s.c.n.e.s.EurekaAutoServiceRegistration : Updating port to 9234
2021-09-29 17:05:22.859  INFO [teacher-server,,,] 11940 --- [main] o.s.i.monitor.IntegrationMBeanExporter   : Registering MessageChannel springCloudBus.anonymous.HJwPR4xlS5Wcf1Ay0sva_g.errors
2021-09-29 17:05:23.240  INFO [teacher-server,,,] 11940 --- [main] com.wx.teacher.TeacherApplication        : Started TeacherApplication in 44.777 seconds (JVM running for 48.855)
2021-09-29 17:05:24.151  INFO [teacher-server,,,] 11940 --- [RMI TCP Connection(6)-192.168.41.102] o.a.c.c.C.[Tomcat].[localhost].[/]       : Initializing Spring DispatcherServlet 'dispatcherServlet'
2021-09-29 17:05:24.154  INFO [teacher-server,,,] 11940 --- [RMI TCP Connection(6)-192.168.41.102] o.s.web.servlet.DispatcherServlet        : Initializing Servlet 'dispatcherServlet'
2021-09-29 17:05:24.185  INFO [teacher-server,,,] 11940 --- [RMI TCP Connection(6)-192.168.41.102] o.s.web.servlet.DispatcherServlet        : Completed initialization in 31 ms
2021-09-29 17:15:50.252  INFO [teacher-server,,,] 11940 --- [SpringContextShutdownHook] o.s.c.n.e.s.EurekaServiceRegistry        : Unregistering application TEACHER-SERVER with eureka with status DOWN
2021-09-29 17:15:50.252 ERROR [teacher-server,,,] 11940 --- [SpringContextShutdownHook] com.netflix.discovery.DiscoveryClient    : Saw local status change event StatusChangeEvent [timestamp=1632906950252, current=DOWN, previous=UP]
2021-09-29 17:15:50.792  INFO [teacher-server,,,] 11940 --- [SpringContextShutdownHook] o.s.a.r.l.SimpleMessageListenerContainer : Waiting for workers to finish.
2021-09-29 17:15:50.873  INFO [teacher-server,,,] 11940 --- [SpringContextShutdownHook] o.s.a.r.l.SimpleMessageListenerContainer : Successfully waited for workers to finish.
2021-09-29 17:15:50.874  INFO [teacher-server,,,] 11940 --- [SpringContextShutdownHook] o.s.i.a.i.AmqpInboundChannelAdapter      : stopped bean 'inbound.springCloudBus.anonymous.HJwPR4xlS5Wcf1Ay0sva_g'
2021-09-29 17:15:50.880  INFO [teacher-server,,,] 11940 --- [SpringContextShutdownHook] o.s.c.stream.binder.BinderErrorChannel   : Channel 'application-1.springCloudBus.anonymous.HJwPR4xlS5Wcf1Ay0sva_g.errors' has 1 subscriber(s).
2021-09-29 17:15:50.882  INFO [teacher-server,,,] 11940 --- [SpringContextShutdownHook] o.s.c.stream.binder.BinderErrorChannel   : Channel 'application-1.springCloudBus.anonymous.HJwPR4xlS5Wcf1Ay0sva_g.errors' has 0 subscriber(s).
2021-09-29 17:15:50.885  INFO [teacher-server,,,] 11940 --- [SpringContextShutdownHook] o.s.i.endpoint.EventDrivenConsumer       : Removing {logging-channel-adapter:_org.springframework.integration.errorLogger} as a subscriber to the 'errorChannel' channel
2021-09-29 17:15:50.886  INFO [teacher-server,,,] 11940 --- [SpringContextShutdownHook] o.s.i.channel.PublishSubscribeChannel    : Channel 'application-1.errorChannel' has 0 subscriber(s).
2021-09-29 17:15:50.886  INFO [teacher-server,,,] 11940 --- [SpringContextShutdownHook] o.s.i.endpoint.EventDrivenConsumer       : stopped bean '_org.springframework.integration.errorLogger'
2021-09-29 17:15:50.892  INFO [teacher-server,,,] 11940 --- [SpringContextShutdownHook] o.s.s.concurrent.ThreadPoolTaskExecutor  : Shutting down ExecutorService 'applicationTaskExecutor'
2021-09-29 17:15:50.897  INFO [teacher-server,,,] 11940 --- [SpringContextShutdownHook] o.s.s.c.ThreadPoolTaskScheduler          : Shutting down ExecutorService 'taskScheduler'
2021-09-29 17:15:51.821  INFO [teacher-server,,,] 11940 --- [SpringContextShutdownHook] o.s.i.monitor.IntegrationMBeanExporter   : Summary on shutdown: bean 'springCloudBusOutput'
2021-09-29 17:15:51.821  INFO [teacher-server,,,] 11940 --- [SpringContextShutdownHook] o.s.i.monitor.IntegrationMBeanExporter   : Summary on shutdown: bean 'springCloudBusInput'
2021-09-29 17:15:51.821  INFO [teacher-server,,,] 11940 --- [SpringContextShutdownHook] o.s.i.monitor.IntegrationMBeanExporter   : Summary on shutdown: bean 'errorChannel'
2021-09-29 17:15:51.821  INFO [teacher-server,,,] 11940 --- [SpringContextShutdownHook] o.s.i.monitor.IntegrationMBeanExporter   : Summary on shutdown: nullChannel
2021-09-29 17:15:51.821  INFO [teacher-server,,,] 11940 --- [SpringContextShutdownHook] o.s.i.monitor.IntegrationMBeanExporter   : Summary on shutdown: org.springframework.cloud.stream.binding.StreamListenerMessageHandler@329cdafa
2021-09-29 17:15:51.821  INFO [teacher-server,,,] 11940 --- [SpringContextShutdownHook] o.s.i.monitor.IntegrationMBeanExporter   : Summary on shutdown: bean '_org.springframework.integration.errorLogger.handler' for component '_org.springframework.integration.errorLogger'
2021-09-29 17:15:54.830  WARN [teacher-server,,,] 11940 --- [DiscoveryClient-1] c.netflix.discovery.TimedSupervisorTask  : task supervisor shutting down, can't accept the task
2021-09-29 17:16:04.393  INFO [teacher-server,,,] 11596 --- [main] com.wx.teacher.TeacherApplication        : No active profile set, falling back to default profiles: default
2021-09-29 17:16:05.340  WARN [teacher-server,,,] 11596 --- [main] o.s.boot.actuate.endpoint.EndpointId     : Endpoint ID 'bus-env' contains invalid characters, please migrate to a valid format.
2021-09-29 17:16:05.756  WARN [teacher-server,,,] 11596 --- [main] o.s.boot.actuate.endpoint.EndpointId     : Endpoint ID 'bus-refresh' contains invalid characters, please migrate to a valid format.
2021-09-29 17:16:05.839  WARN [teacher-server,,,] 11596 --- [main] o.s.boot.actuate.endpoint.EndpointId     : Endpoint ID 'service-registry' contains invalid characters, please migrate to a valid format.
2021-09-29 17:16:06.250  INFO [teacher-server,,,] 11596 --- [main] o.s.cloud.context.scope.GenericScope     : BeanFactory id=ca790ff1-bc21-3550-9d3a-c8e255e534cd
2021-09-29 17:16:06.283  INFO [teacher-server,,,] 11596 --- [main] faultConfiguringBeanFactoryPostProcessor : No bean named 'errorChannel' has been explicitly defined. Therefore, a default PublishSubscribeChannel will be created.
2021-09-29 17:16:06.292  INFO [teacher-server,,,] 11596 --- [main] faultConfiguringBeanFactoryPostProcessor : No bean named 'taskScheduler' has been explicitly defined. Therefore, a default ThreadPoolTaskScheduler will be created.
2021-09-29 17:16:06.299  INFO [teacher-server,,,] 11596 --- [main] faultConfiguringBeanFactoryPostProcessor : No bean named 'integrationHeaderChannelRegistry' has been explicitly defined. Therefore, a default DefaultHeaderChannelRegistry will be created.
2021-09-29 17:16:06.669  INFO [teacher-server,,,] 11596 --- [main] trationDelegate$BeanPostProcessorChecker : Bean 'integrationChannelResolver' of type [org.springframework.integration.support.channel.BeanFactoryChannelResolver] is not eligible for getting processed by all BeanPostProcessors (for example: not eligible for auto-proxying)
2021-09-29 17:16:06.683  INFO [teacher-server,,,] 11596 --- [main] trationDelegate$BeanPostProcessorChecker : Bean 'integrationDisposableAutoCreatedBeans' of type [org.springframework.integration.config.annotation.Disposables] is not eligible for getting processed by all BeanPostProcessors (for example: not eligible for auto-proxying)
2021-09-29 17:16:06.754  INFO [teacher-server,,,] 11596 --- [main] trationDelegate$BeanPostProcessorChecker : Bean 'org.springframework.integration.config.IntegrationManagementConfiguration' of type [org.springframework.integration.config.IntegrationManagementConfiguration] is not eligible for getting processed by all BeanPostProcessors (for example: not eligible for auto-proxying)
2021-09-29 17:16:06.779  INFO [teacher-server,,,] 11596 --- [main] trationDelegate$BeanPostProcessorChecker : Bean 'org.springframework.boot.autoconfigure.integration.IntegrationAutoConfiguration$IntegrationJmxConfiguration' of type [org.springframework.boot.autoconfigure.integration.IntegrationAutoConfiguration$IntegrationJmxConfiguration] is not eligible for getting processed by all BeanPostProcessors (for example: not eligible for auto-proxying)
2021-09-29 17:16:06.792  INFO [teacher-server,,,] 11596 --- [main] trationDelegate$BeanPostProcessorChecker : Bean 'org.springframework.boot.autoconfigure.jmx.JmxAutoConfiguration' of type [org.springframework.boot.autoconfigure.jmx.JmxAutoConfiguration] is not eligible for getting processed by all BeanPostProcessors (for example: not eligible for auto-proxying)
2021-09-29 17:16:06.798  INFO [teacher-server,,,] 11596 --- [main] trationDelegate$BeanPostProcessorChecker : Bean 'mbeanServer' of type [com.sun.jmx.mbeanserver.JmxMBeanServer] is not eligible for getting processed by all BeanPostProcessors (for example: not eligible for auto-proxying)
2021-09-29 17:16:07.584  INFO [teacher-server,,,] 11596 --- [main] o.s.b.w.embedded.tomcat.TomcatWebServer  : Tomcat initialized with port(s): 9234 (http)
2021-09-29 17:16:07.609  INFO [teacher-server,,,] 11596 --- [main] o.apache.catalina.core.StandardService   : Starting service [Tomcat]
2021-09-29 17:16:07.610  INFO [teacher-server,,,] 11596 --- [main] org.apache.catalina.core.StandardEngine  : Starting Servlet engine: [Apache Tomcat/9.0.37]
2021-09-29 17:16:07.841  INFO [teacher-server,,,] 11596 --- [main] o.a.c.c.C.[Tomcat].[localhost].[/]       : Initializing Spring embedded WebApplicationContext
2021-09-29 17:16:07.842  INFO [teacher-server,,,] 11596 --- [main] w.s.c.ServletWebServerApplicationContext : Root WebApplicationContext: initialization completed in 3429 ms
2021-09-29 17:16:08.079  WARN [teacher-server,,,] 11596 --- [main] c.n.c.sources.URLConfigurationSource     : No URLs will be polled as dynamic configuration sources.
2021-09-29 17:16:09.186  WARN [teacher-server,,,] 11596 --- [main] o.s.c.s.zipkin2.ZipkinAutoConfiguration  : Check result of the [RestTemplateSender{http://localhost:9527/api/v2/spans}] contains an error [CheckResult{ok=false, error=org.springframework.web.client.ResourceAccessException: I/O error on POST request for "http://localhost:9527/api/v2/spans": connect timed out; nested exception is java.net.SocketTimeoutException: connect timed out}]
2021-09-29 17:16:12.190  INFO [teacher-server,,,] 11596 --- [main] o.s.s.c.ThreadPoolTaskScheduler          : Initializing ExecutorService 'taskScheduler'
2021-09-29 17:16:12.900  WARN [teacher-server,,,] 11596 --- [main] c.n.c.sources.URLConfigurationSource     : No URLs will be polled as dynamic configuration sources.
2021-09-29 17:16:13.261  INFO [teacher-server,,,] 11596 --- [main] o.s.s.concurrent.ThreadPoolTaskExecutor  : Initializing ExecutorService 'applicationTaskExecutor'
2021-09-29 17:16:13.837  INFO [teacher-server,,,] 11596 --- [main] onConfiguration$FunctionBindingRegistrar : Functional binding is disabled due to the presense of @EnableBinding annotation in your configuration
2021-09-29 17:16:14.931  INFO [teacher-server,,,] 11596 --- [main] DiscoveryClientOptionalArgsConfiguration : Eureka HTTP Client uses Jersey
2021-09-29 17:16:15.025  WARN [teacher-server,,,] 11596 --- [main] ockingLoadBalancerClientRibbonWarnLogger : You already have RibbonLoadBalancerClient on your classpath. It will be used by default. As Spring Cloud Ribbon is in maintenance mode. We recommend switching to BlockingLoadBalancerClient instead. In order to use it, set the value of `spring.cloud.loadbalancer.ribbon.enabled` to `false` or remove spring-cloud-starter-netflix-ribbon from your project.
2021-09-29 17:16:18.084  INFO [teacher-server,,,] 11596 --- [main] o.s.b.a.e.web.EndpointLinksResolver      : Exposing 23 endpoint(s) beneath base path '/actuator'
2021-09-29 17:16:18.866  INFO [teacher-server,,,] 11596 --- [main] o.s.c.s.m.DirectWithAttributesChannel    : Channel 'application-1.springCloudBusInput' has 1 subscriber(s).
2021-09-29 17:16:19.384  INFO [teacher-server,,,] 11596 --- [main] o.s.i.monitor.IntegrationMBeanExporter   : Registering MessageChannel nullChannel
2021-09-29 17:16:19.451  INFO [teacher-server,,,] 11596 --- [main] o.s.i.monitor.IntegrationMBeanExporter   : Registering MessageChannel springCloudBusInput
2021-09-29 17:16:19.770  INFO [teacher-server,,,] 11596 --- [main] o.s.i.monitor.IntegrationMBeanExporter   : Registering MessageChannel springCloudBusOutput
2021-09-29 17:16:19.796  INFO [teacher-server,,,] 11596 --- [main] o.s.i.monitor.IntegrationMBeanExporter   : Registering MessageChannel errorChannel
2021-09-29 17:16:20.102  INFO [teacher-server,,,] 11596 --- [main] o.s.i.monitor.IntegrationMBeanExporter   : Registering MessageHandler org.springframework.cloud.stream.binding.StreamListenerMessageHandler@2caf182e
2021-09-29 17:16:20.555  INFO [teacher-server,,,] 11596 --- [main] o.s.i.monitor.IntegrationMBeanExporter   : Registering MessageHandler errorLogger
2021-09-29 17:16:20.768  INFO [teacher-server,,,] 11596 --- [main] o.s.i.endpoint.EventDrivenConsumer       : Adding {logging-channel-adapter:_org.springframework.integration.errorLogger} as a subscriber to the 'errorChannel' channel
2021-09-29 17:16:20.770  INFO [teacher-server,,,] 11596 --- [main] o.s.i.channel.PublishSubscribeChannel    : Channel 'application-1.errorChannel' has 1 subscriber(s).
2021-09-29 17:16:20.779  INFO [teacher-server,,,] 11596 --- [main] o.s.i.endpoint.EventDrivenConsumer       : started bean '_org.springframework.integration.errorLogger'
2021-09-29 17:16:20.785  INFO [teacher-server,,,] 11596 --- [main] o.s.c.s.binder.DefaultBinderFactory      : Creating binder: rabbit
2021-09-29 17:16:23.084  INFO [teacher-server,,,] 11596 --- [main] o.s.c.s.binder.DefaultBinderFactory      : Caching the binder: rabbit
2021-09-29 17:16:23.085  INFO [teacher-server,,,] 11596 --- [main] o.s.c.s.binder.DefaultBinderFactory      : Retrieving cached binder: rabbit
2021-09-29 17:16:23.882  INFO [teacher-server,,,] 11596 --- [main] o.s.a.r.c.CachingConnectionFactory       : Attempting to connect to: [localhost:5672]
2021-09-29 17:16:24.328  INFO [teacher-server,,,] 11596 --- [main] o.s.a.r.c.CachingConnectionFactory       : Created new connection: rabbitConnectionFactory#70aa58e1:0/SimpleConnection@45cfbfe9 [delegate=amqp://guest@127.0.0.1:5672/, localPort= 56866]
2021-09-29 17:16:24.499  INFO [teacher-server,,,] 11596 --- [main] o.s.c.s.m.DirectWithAttributesChannel    : Channel 'application-1.springCloudBusOutput' has 1 subscriber(s).
2021-09-29 17:16:24.574  INFO [teacher-server,,,] 11596 --- [main] o.s.c.n.eureka.InstanceInfoFactory       : Setting initial instance status as: STARTING
2021-09-29 17:16:27.829  INFO [teacher-server,,,] 11596 --- [main] o.s.c.n.e.s.EurekaServiceRegistry        : Registering application TEACHER-SERVER with eureka with status UP
2021-09-29 17:16:27.843  INFO [teacher-server,,,] 11596 --- [main] o.s.c.s.binder.DefaultBinderFactory      : Retrieving cached binder: rabbit
2021-09-29 17:16:28.001  INFO [teacher-server,,,] 11596 --- [main] c.s.b.r.p.RabbitExchangeQueueProvisioner : declaring queue for inbound: springCloudBus.anonymous.MsvDOIRASFm501sEm7jl_Q, bound to: springCloudBus
2021-09-29 17:16:28.076  INFO [teacher-server,,,] 11596 --- [main] o.s.c.stream.binder.BinderErrorChannel   : Channel 'springCloudBus.anonymous.MsvDOIRASFm501sEm7jl_Q.errors' has 1 subscriber(s).
2021-09-29 17:16:28.076  INFO [teacher-server,,,] 11596 --- [main] o.s.c.stream.binder.BinderErrorChannel   : Channel 'springCloudBus.anonymous.MsvDOIRASFm501sEm7jl_Q.errors' has 2 subscriber(s).
2021-09-29 17:16:28.578  INFO [teacher-server,,,] 11596 --- [main] o.s.i.a.i.AmqpInboundChannelAdapter      : started bean 'inbound.springCloudBus.anonymous.MsvDOIRASFm501sEm7jl_Q'
2021-09-29 17:16:28.631  INFO [teacher-server,,,] 11596 --- [main] o.s.b.w.embedded.tomcat.TomcatWebServer  : Tomcat started on port(s): 9234 (http) with context path ''
2021-09-29 17:16:28.633  INFO [teacher-server,,,] 11596 --- [main] .s.c.n.e.s.EurekaAutoServiceRegistration : Updating port to 9234
2021-09-29 17:16:30.781  INFO [teacher-server,,,] 11596 --- [main] o.s.i.monitor.IntegrationMBeanExporter   : Registering MessageChannel springCloudBus.anonymous.MsvDOIRASFm501sEm7jl_Q.errors
2021-09-29 17:16:31.586  INFO [teacher-server,,,] 11596 --- [main] com.wx.teacher.TeacherApplication        : Started TeacherApplication in 29.967 seconds (JVM running for 33.195)
2021-09-29 17:16:32.555  INFO [teacher-server,,,] 11596 --- [RMI TCP Connection(3)-192.168.41.102] o.a.c.c.C.[Tomcat].[localhost].[/]       : Initializing Spring DispatcherServlet 'dispatcherServlet'
2021-09-29 17:16:32.557  INFO [teacher-server,,,] 11596 --- [RMI TCP Connection(3)-192.168.41.102] o.s.web.servlet.DispatcherServlet        : Initializing Servlet 'dispatcherServlet'
2021-09-29 17:16:32.586  INFO [teacher-server,,,] 11596 --- [RMI TCP Connection(3)-192.168.41.102] o.s.web.servlet.DispatcherServlet        : Completed initialization in 29 ms
2021-09-29 17:33:48.186  INFO [teacher-server,,,] 11596 --- [SpringContextShutdownHook] o.s.c.n.e.s.EurekaServiceRegistry        : Unregistering application TEACHER-SERVER with eureka with status DOWN
2021-09-29 17:33:48.186 ERROR [teacher-server,,,] 11596 --- [SpringContextShutdownHook] com.netflix.discovery.DiscoveryClient    : Saw local status change event StatusChangeEvent [timestamp=1632908028186, current=DOWN, previous=UP]
2021-09-29 17:33:48.583  INFO [teacher-server,,,] 11596 --- [SpringContextShutdownHook] o.s.a.r.l.SimpleMessageListenerContainer : Waiting for workers to finish.
2021-09-29 17:33:49.207  INFO [teacher-server,,,] 11596 --- [SpringContextShutdownHook] o.s.a.r.l.SimpleMessageListenerContainer : Successfully waited for workers to finish.
2021-09-29 17:33:49.208  INFO [teacher-server,,,] 11596 --- [SpringContextShutdownHook] o.s.i.a.i.AmqpInboundChannelAdapter      : stopped bean 'inbound.springCloudBus.anonymous.MsvDOIRASFm501sEm7jl_Q'
2021-09-29 17:33:49.213  INFO [teacher-server,,,] 11596 --- [SpringContextShutdownHook] o.s.c.stream.binder.BinderErrorChannel   : Channel 'application-1.springCloudBus.anonymous.MsvDOIRASFm501sEm7jl_Q.errors' has 1 subscriber(s).
2021-09-29 17:33:49.215  INFO [teacher-server,,,] 11596 --- [SpringContextShutdownHook] o.s.c.stream.binder.BinderErrorChannel   : Channel 'application-1.springCloudBus.anonymous.MsvDOIRASFm501sEm7jl_Q.errors' has 0 subscriber(s).
2021-09-29 17:33:49.220  INFO [teacher-server,,,] 11596 --- [SpringContextShutdownHook] o.s.i.endpoint.EventDrivenConsumer       : Removing {logging-channel-adapter:_org.springframework.integration.errorLogger} as a subscriber to the 'errorChannel' channel
2021-09-29 17:33:49.221  INFO [teacher-server,,,] 11596 --- [SpringContextShutdownHook] o.s.i.channel.PublishSubscribeChannel    : Channel 'application-1.errorChannel' has 0 subscriber(s).
2021-09-29 17:33:49.221  INFO [teacher-server,,,] 11596 --- [SpringContextShutdownHook] o.s.i.endpoint.EventDrivenConsumer       : stopped bean '_org.springframework.integration.errorLogger'
2021-09-29 17:33:49.226  INFO [teacher-server,,,] 11596 --- [SpringContextShutdownHook] o.s.s.concurrent.ThreadPoolTaskExecutor  : Shutting down ExecutorService 'applicationTaskExecutor'
2021-09-29 17:33:49.228  INFO [teacher-server,,,] 11596 --- [SpringContextShutdownHook] o.s.s.c.ThreadPoolTaskScheduler          : Shutting down ExecutorService 'taskScheduler'
2021-09-29 17:33:50.247  INFO [teacher-server,,,] 11596 --- [SpringContextShutdownHook] o.s.i.monitor.IntegrationMBeanExporter   : Summary on shutdown: nullChannel
2021-09-29 17:33:50.248  INFO [teacher-server,,,] 11596 --- [SpringContextShutdownHook] o.s.i.monitor.IntegrationMBeanExporter   : Summary on shutdown: bean 'springCloudBusInput'
2021-09-29 17:33:50.248  INFO [teacher-server,,,] 11596 --- [SpringContextShutdownHook] o.s.i.monitor.IntegrationMBeanExporter   : Summary on shutdown: bean 'springCloudBusOutput'
2021-09-29 17:33:50.248  INFO [teacher-server,,,] 11596 --- [SpringContextShutdownHook] o.s.i.monitor.IntegrationMBeanExporter   : Summary on shutdown: bean 'errorChannel'
2021-09-29 17:33:50.248  INFO [teacher-server,,,] 11596 --- [SpringContextShutdownHook] o.s.i.monitor.IntegrationMBeanExporter   : Summary on shutdown: org.springframework.cloud.stream.binding.StreamListenerMessageHandler@2caf182e
2021-09-29 17:33:50.248  INFO [teacher-server,,,] 11596 --- [SpringContextShutdownHook] o.s.i.monitor.IntegrationMBeanExporter   : Summary on shutdown: bean '_org.springframework.integration.errorLogger.handler' for component '_org.springframework.integration.errorLogger'
2021-09-29 17:33:53.269  WARN [teacher-server,,,] 11596 --- [DiscoveryClient-1] c.netflix.discovery.TimedSupervisorTask  : task supervisor shutting down, can't accept the task
2021-09-29 17:34:00.980  INFO [teacher-server,,,] 8860 --- [main] com.wx.teacher.TeacherApplication        : No active profile set, falling back to default profiles: default
2021-09-29 17:34:02.407  WARN [teacher-server,,,] 8860 --- [main] o.s.boot.actuate.endpoint.EndpointId     : Endpoint ID 'bus-env' contains invalid characters, please migrate to a valid format.
2021-09-29 17:34:03.219  WARN [teacher-server,,,] 8860 --- [main] o.s.boot.actuate.endpoint.EndpointId     : Endpoint ID 'bus-refresh' contains invalid characters, please migrate to a valid format.
2021-09-29 17:34:03.361  WARN [teacher-server,,,] 8860 --- [main] o.s.boot.actuate.endpoint.EndpointId     : Endpoint ID 'service-registry' contains invalid characters, please migrate to a valid format.
2021-09-29 17:34:04.150  INFO [teacher-server,,,] 8860 --- [main] o.s.cloud.context.scope.GenericScope     : BeanFactory id=ca790ff1-bc21-3550-9d3a-c8e255e534cd
2021-09-29 17:34:04.190  INFO [teacher-server,,,] 8860 --- [main] faultConfiguringBeanFactoryPostProcessor : No bean named 'errorChannel' has been explicitly defined. Therefore, a default PublishSubscribeChannel will be created.
2021-09-29 17:34:04.202  INFO [teacher-server,,,] 8860 --- [main] faultConfiguringBeanFactoryPostProcessor : No bean named 'taskScheduler' has been explicitly defined. Therefore, a default ThreadPoolTaskScheduler will be created.
2021-09-29 17:34:04.223  INFO [teacher-server,,,] 8860 --- [main] faultConfiguringBeanFactoryPostProcessor : No bean named 'integrationHeaderChannelRegistry' has been explicitly defined. Therefore, a default DefaultHeaderChannelRegistry will be created.
2021-09-29 17:34:04.860  INFO [teacher-server,,,] 8860 --- [main] trationDelegate$BeanPostProcessorChecker : Bean 'integrationChannelResolver' of type [org.springframework.integration.support.channel.BeanFactoryChannelResolver] is not eligible for getting processed by all BeanPostProcessors (for example: not eligible for auto-proxying)
2021-09-29 17:34:04.870  INFO [teacher-server,,,] 8860 --- [main] trationDelegate$BeanPostProcessorChecker : Bean 'integrationDisposableAutoCreatedBeans' of type [org.springframework.integration.config.annotation.Disposables] is not eligible for getting processed by all BeanPostProcessors (for example: not eligible for auto-proxying)
2021-09-29 17:34:04.972  INFO [teacher-server,,,] 8860 --- [main] trationDelegate$BeanPostProcessorChecker : Bean 'org.springframework.integration.config.IntegrationManagementConfiguration' of type [org.springframework.integration.config.IntegrationManagementConfiguration] is not eligible for getting processed by all BeanPostProcessors (for example: not eligible for auto-proxying)
2021-09-29 17:34:05.001  INFO [teacher-server,,,] 8860 --- [main] trationDelegate$BeanPostProcessorChecker : Bean 'org.springframework.boot.autoconfigure.integration.IntegrationAutoConfiguration$IntegrationJmxConfiguration' of type [org.springframework.boot.autoconfigure.integration.IntegrationAutoConfiguration$IntegrationJmxConfiguration] is not eligible for getting processed by all BeanPostProcessors (for example: not eligible for auto-proxying)
2021-09-29 17:34:05.025  INFO [teacher-server,,,] 8860 --- [main] trationDelegate$BeanPostProcessorChecker : Bean 'org.springframework.boot.autoconfigure.jmx.JmxAutoConfiguration' of type [org.springframework.boot.autoconfigure.jmx.JmxAutoConfiguration] is not eligible for getting processed by all BeanPostProcessors (for example: not eligible for auto-proxying)
2021-09-29 17:34:05.043  INFO [teacher-server,,,] 8860 --- [main] trationDelegate$BeanPostProcessorChecker : Bean 'mbeanServer' of type [com.sun.jmx.mbeanserver.JmxMBeanServer] is not eligible for getting processed by all BeanPostProcessors (for example: not eligible for auto-proxying)
2021-09-29 17:34:06.179  INFO [teacher-server,,,] 8860 --- [main] o.s.b.w.embedded.tomcat.TomcatWebServer  : Tomcat initialized with port(s): 9234 (http)
2021-09-29 17:34:06.198  INFO [teacher-server,,,] 8860 --- [main] o.apache.catalina.core.StandardService   : Starting service [Tomcat]
2021-09-29 17:34:06.198  INFO [teacher-server,,,] 8860 --- [main] org.apache.catalina.core.StandardEngine  : Starting Servlet engine: [Apache Tomcat/9.0.37]
2021-09-29 17:34:06.423  INFO [teacher-server,,,] 8860 --- [main] o.a.c.c.C.[Tomcat].[localhost].[/]       : Initializing Spring embedded WebApplicationContext
2021-09-29 17:34:06.423  INFO [teacher-server,,,] 8860 --- [main] w.s.c.ServletWebServerApplicationContext : Root WebApplicationContext: initialization completed in 5396 ms
2021-09-29 17:34:07.003  WARN [teacher-server,,,] 8860 --- [main] c.n.c.sources.URLConfigurationSource     : No URLs will be polled as dynamic configuration sources.
2021-09-29 17:34:08.104  WARN [teacher-server,,,] 8860 --- [main] o.s.c.s.zipkin2.ZipkinAutoConfiguration  : Check result of the [RestTemplateSender{http://localhost:9411/api/v2/spans}] contains an error [CheckResult{ok=false, error=org.springframework.web.client.HttpClientErrorException$BadRequest: 400 Bad Request: [Empty JSON_V2 message]}]
2021-09-29 17:34:10.634  INFO [teacher-server,,,] 8860 --- [main] o.s.s.c.ThreadPoolTaskScheduler          : Initializing ExecutorService 'taskScheduler'
2021-09-29 17:34:11.067  WARN [teacher-server,,,] 8860 --- [main] c.n.c.sources.URLConfigurationSource     : No URLs will be polled as dynamic configuration sources.
2021-09-29 17:34:11.297  INFO [teacher-server,,,] 8860 --- [main] o.s.s.concurrent.ThreadPoolTaskExecutor  : Initializing ExecutorService 'applicationTaskExecutor'
2021-09-29 17:34:11.740  INFO [teacher-server,,,] 8860 --- [main] onConfiguration$FunctionBindingRegistrar : Functional binding is disabled due to the presense of @EnableBinding annotation in your configuration
2021-09-29 17:34:12.846  INFO [teacher-server,,,] 8860 --- [main] DiscoveryClientOptionalArgsConfiguration : Eureka HTTP Client uses Jersey
2021-09-29 17:34:12.904  WARN [teacher-server,,,] 8860 --- [main] ockingLoadBalancerClientRibbonWarnLogger : You already have RibbonLoadBalancerClient on your classpath. It will be used by default. As Spring Cloud Ribbon is in maintenance mode. We recommend switching to BlockingLoadBalancerClient instead. In order to use it, set the value of `spring.cloud.loadbalancer.ribbon.enabled` to `false` or remove spring-cloud-starter-netflix-ribbon from your project.
2021-09-29 17:34:13.705  INFO [teacher-server,,,] 8860 --- [main] o.s.b.a.e.web.EndpointLinksResolver      : Exposing 23 endpoint(s) beneath base path '/actuator'
2021-09-29 17:34:13.922  INFO [teacher-server,,,] 8860 --- [main] o.s.c.s.m.DirectWithAttributesChannel    : Channel 'application-1.springCloudBusInput' has 1 subscriber(s).
2021-09-29 17:34:14.123  INFO [teacher-server,,,] 8860 --- [main] o.s.i.monitor.IntegrationMBeanExporter   : Registering MessageChannel springCloudBusOutput
2021-09-29 17:34:14.239  INFO [teacher-server,,,] 8860 --- [main] o.s.i.monitor.IntegrationMBeanExporter   : Registering MessageChannel nullChannel
2021-09-29 17:34:14.259  INFO [teacher-server,,,] 8860 --- [main] o.s.i.monitor.IntegrationMBeanExporter   : Registering MessageChannel springCloudBusInput
2021-09-29 17:34:14.270  INFO [teacher-server,,,] 8860 --- [main] o.s.i.monitor.IntegrationMBeanExporter   : Registering MessageChannel errorChannel
2021-09-29 17:34:14.356  INFO [teacher-server,,,] 8860 --- [main] o.s.i.monitor.IntegrationMBeanExporter   : Registering MessageHandler errorLogger
2021-09-29 17:34:14.389  INFO [teacher-server,,,] 8860 --- [main] o.s.i.monitor.IntegrationMBeanExporter   : Registering MessageHandler org.springframework.cloud.stream.binding.StreamListenerMessageHandler@54b48b
2021-09-29 17:34:14.562  INFO [teacher-server,,,] 8860 --- [main] o.s.i.endpoint.EventDrivenConsumer       : Adding {logging-channel-adapter:_org.springframework.integration.errorLogger} as a subscriber to the 'errorChannel' channel
2021-09-29 17:34:14.562  INFO [teacher-server,,,] 8860 --- [main] o.s.i.channel.PublishSubscribeChannel    : Channel 'application-1.errorChannel' has 1 subscriber(s).
2021-09-29 17:34:14.562  INFO [teacher-server,,,] 8860 --- [main] o.s.i.endpoint.EventDrivenConsumer       : started bean '_org.springframework.integration.errorLogger'
2021-09-29 17:34:14.564  INFO [teacher-server,,,] 8860 --- [main] o.s.c.s.binder.DefaultBinderFactory      : Creating binder: rabbit
2021-09-29 17:34:15.315  INFO [teacher-server,,,] 8860 --- [main] o.s.c.s.binder.DefaultBinderFactory      : Caching the binder: rabbit
2021-09-29 17:34:15.315  INFO [teacher-server,,,] 8860 --- [main] o.s.c.s.binder.DefaultBinderFactory      : Retrieving cached binder: rabbit
2021-09-29 17:34:15.533  INFO [teacher-server,,,] 8860 --- [main] o.s.a.r.c.CachingConnectionFactory       : Attempting to connect to: [localhost:5672]
2021-09-29 17:34:15.663  INFO [teacher-server,,,] 8860 --- [main] o.s.a.r.c.CachingConnectionFactory       : Created new connection: rabbitConnectionFactory#19e2db7c:0/SimpleConnection@6852c3d2 [delegate=amqp://guest@127.0.0.1:5672/, localPort= 53587]
2021-09-29 17:34:15.766  INFO [teacher-server,,,] 8860 --- [main] o.s.c.s.m.DirectWithAttributesChannel    : Channel 'application-1.springCloudBusOutput' has 1 subscriber(s).
2021-09-29 17:34:15.800  INFO [teacher-server,,,] 8860 --- [main] o.s.c.n.eureka.InstanceInfoFactory       : Setting initial instance status as: STARTING
2021-09-29 17:34:17.387  INFO [teacher-server,,,] 8860 --- [main] o.s.c.n.e.s.EurekaServiceRegistry        : Registering application TEACHER-SERVER with eureka with status UP
2021-09-29 17:34:17.390  INFO [teacher-server,,,] 8860 --- [main] o.s.c.s.binder.DefaultBinderFactory      : Retrieving cached binder: rabbit
2021-09-29 17:34:17.487  INFO [teacher-server,,,] 8860 --- [main] c.s.b.r.p.RabbitExchangeQueueProvisioner : declaring queue for inbound: springCloudBus.anonymous.KrKffovaRTuBQ2ATcBnD8w, bound to: springCloudBus
2021-09-29 17:34:17.520  INFO [teacher-server,,,] 8860 --- [main] o.s.c.stream.binder.BinderErrorChannel   : Channel 'springCloudBus.anonymous.KrKffovaRTuBQ2ATcBnD8w.errors' has 1 subscriber(s).
2021-09-29 17:34:17.520  INFO [teacher-server,,,] 8860 --- [main] o.s.c.stream.binder.BinderErrorChannel   : Channel 'springCloudBus.anonymous.KrKffovaRTuBQ2ATcBnD8w.errors' has 2 subscriber(s).
2021-09-29 17:34:17.861  INFO [teacher-server,,,] 8860 --- [main] o.s.i.a.i.AmqpInboundChannelAdapter      : started bean 'inbound.springCloudBus.anonymous.KrKffovaRTuBQ2ATcBnD8w'
2021-09-29 17:34:17.898  INFO [teacher-server,,,] 8860 --- [main] o.s.b.w.embedded.tomcat.TomcatWebServer  : Tomcat started on port(s): 9234 (http) with context path ''
2021-09-29 17:34:17.899  INFO [teacher-server,,,] 8860 --- [main] .s.c.n.e.s.EurekaAutoServiceRegistration : Updating port to 9234
2021-09-29 17:34:18.483  INFO [teacher-server,,,] 8860 --- [main] o.s.i.monitor.IntegrationMBeanExporter   : Registering MessageChannel springCloudBus.anonymous.KrKffovaRTuBQ2ATcBnD8w.errors
2021-09-29 17:34:18.811  INFO [teacher-server,,,] 8860 --- [main] com.wx.teacher.TeacherApplication        : Started TeacherApplication in 21.338 seconds (JVM running for 23.263)
2021-09-29 17:34:19.821  INFO [teacher-server,,,] 8860 --- [RMI TCP Connection(4)-192.168.41.102] o.a.c.c.C.[Tomcat].[localhost].[/]       : Initializing Spring DispatcherServlet 'dispatcherServlet'
2021-09-29 17:34:19.824  INFO [teacher-server,,,] 8860 --- [RMI TCP Connection(4)-192.168.41.102] o.s.web.servlet.DispatcherServlet        : Initializing Servlet 'dispatcherServlet'
2021-09-29 17:34:19.846  INFO [teacher-server,,,] 8860 --- [RMI TCP Connection(4)-192.168.41.102] o.s.web.servlet.DispatcherServlet        : Completed initialization in 22 ms
2021-09-29 17:40:56.523  INFO [teacher-server,,,] 8860 --- [SpringContextShutdownHook] o.s.c.n.e.s.EurekaServiceRegistry        : Unregistering application TEACHER-SERVER with eureka with status DOWN
2021-09-29 17:40:56.523 ERROR [teacher-server,,,] 8860 --- [SpringContextShutdownHook] com.netflix.discovery.DiscoveryClient    : Saw local status change event StatusChangeEvent [timestamp=1632908456523, current=DOWN, previous=UP]
2021-09-29 17:40:56.537  WARN [teacher-server,,,] 8860 --- [DiscoveryClient-InstanceInfoReplicator-0] c.n.d.s.t.d.RetryableEurekaHttpClient    : Request execution failed with message: org.apache.http.NoHttpResponseException: localhost:8761 failed to respond
2021-09-29 17:40:56.546  WARN [teacher-server,,,] 8860 --- [DiscoveryClient-InstanceInfoReplicator-0] c.n.d.s.t.d.RetryableEurekaHttpClient    : Request execution failed with message: org.apache.http.NoHttpResponseException: localhost:8761 failed to respond
2021-09-29 17:40:56.551  WARN [teacher-server,,,] 8860 --- [DiscoveryClient-InstanceInfoReplicator-0] com.netflix.discovery.DiscoveryClient    : DiscoveryClient_TEACHER-SERVER/192.168.41.102:9234 - registration failed Cannot execute request on any known server

com.netflix.discovery.shared.transport.TransportException: Cannot execute request on any known server
	at com.netflix.discovery.shared.transport.decorator.RetryableEurekaHttpClient.execute(RetryableEurekaHttpClient.java:112) ~[eureka-client-1.10.7.jar:1.10.7]
	at com.netflix.discovery.shared.transport.decorator.EurekaHttpClientDecorator.register(EurekaHttpClientDecorator.java:56) ~[eureka-client-1.10.7.jar:1.10.7]
	at com.netflix.discovery.shared.transport.decorator.EurekaHttpClientDecorator$1.execute(EurekaHttpClientDecorator.java:59) ~[eureka-client-1.10.7.jar:1.10.7]
	at com.netflix.discovery.shared.transport.decorator.SessionedEurekaHttpClient.execute(SessionedEurekaHttpClient.java:77) ~[eureka-client-1.10.7.jar:1.10.7]
	at com.netflix.discovery.shared.transport.decorator.EurekaHttpClientDecorator.register(EurekaHttpClientDecorator.java:56) ~[eureka-client-1.10.7.jar:1.10.7]
	at com.netflix.discovery.DiscoveryClient.register(DiscoveryClient.java:876) ~[eureka-client-1.10.7.jar:1.10.7]
	at com.netflix.discovery.InstanceInfoReplicator.run(InstanceInfoReplicator.java:121) [eureka-client-1.10.7.jar:1.10.7]
	at com.netflix.discovery.InstanceInfoReplicator$1.run(InstanceInfoReplicator.java:101) [eureka-client-1.10.7.jar:1.10.7]
	at java.util.concurrent.Executors$RunnableAdapter.call(Executors.java:511) [na:1.8.0_91]
	at java.util.concurrent.FutureTask.run$$$capture(FutureTask.java:266) [na:1.8.0_91]
	at java.util.concurrent.FutureTask.run(FutureTask.java) [na:1.8.0_91]
	at java.util.concurrent.ScheduledThreadPoolExecutor$ScheduledFutureTask.access$201(ScheduledThreadPoolExecutor.java:180) [na:1.8.0_91]
	at java.util.concurrent.ScheduledThreadPoolExecutor$ScheduledFutureTask.run(ScheduledThreadPoolExecutor.java:293) [na:1.8.0_91]
	at java.util.concurrent.ThreadPoolExecutor.runWorker(ThreadPoolExecutor.java:1142) [na:1.8.0_91]
	at java.util.concurrent.ThreadPoolExecutor$Worker.run(ThreadPoolExecutor.java:617) [na:1.8.0_91]
	at java.lang.Thread.run(Thread.java:745) [na:1.8.0_91]

2021-09-29 17:40:56.552  WARN [teacher-server,,,] 8860 --- [DiscoveryClient-InstanceInfoReplicator-0] c.n.discovery.InstanceInfoReplicator     : There was a problem with the instance info replicator

com.netflix.discovery.shared.transport.TransportException: Cannot execute request on any known server
	at com.netflix.discovery.shared.transport.decorator.RetryableEurekaHttpClient.execute(RetryableEurekaHttpClient.java:112) ~[eureka-client-1.10.7.jar:1.10.7]
	at com.netflix.discovery.shared.transport.decorator.EurekaHttpClientDecorator.register(EurekaHttpClientDecorator.java:56) ~[eureka-client-1.10.7.jar:1.10.7]
	at com.netflix.discovery.shared.transport.decorator.EurekaHttpClientDecorator$1.execute(EurekaHttpClientDecorator.java:59) ~[eureka-client-1.10.7.jar:1.10.7]
	at com.netflix.discovery.shared.transport.decorator.SessionedEurekaHttpClient.execute(SessionedEurekaHttpClient.java:77) ~[eureka-client-1.10.7.jar:1.10.7]
	at com.netflix.discovery.shared.transport.decorator.EurekaHttpClientDecorator.register(EurekaHttpClientDecorator.java:56) ~[eureka-client-1.10.7.jar:1.10.7]
	at com.netflix.discovery.DiscoveryClient.register(DiscoveryClient.java:876) ~[eureka-client-1.10.7.jar:1.10.7]
	at com.netflix.discovery.InstanceInfoReplicator.run(InstanceInfoReplicator.java:121) ~[eureka-client-1.10.7.jar:1.10.7]
	at com.netflix.discovery.InstanceInfoReplicator$1.run(InstanceInfoReplicator.java:101) [eureka-client-1.10.7.jar:1.10.7]
	at java.util.concurrent.Executors$RunnableAdapter.call(Executors.java:511) [na:1.8.0_91]
	at java.util.concurrent.FutureTask.run$$$capture(FutureTask.java:266) [na:1.8.0_91]
	at java.util.concurrent.FutureTask.run(FutureTask.java) [na:1.8.0_91]
	at java.util.concurrent.ScheduledThreadPoolExecutor$ScheduledFutureTask.access$201(ScheduledThreadPoolExecutor.java:180) [na:1.8.0_91]
	at java.util.concurrent.ScheduledThreadPoolExecutor$ScheduledFutureTask.run(ScheduledThreadPoolExecutor.java:293) [na:1.8.0_91]
	at java.util.concurrent.ThreadPoolExecutor.runWorker(ThreadPoolExecutor.java:1142) [na:1.8.0_91]
	at java.util.concurrent.ThreadPoolExecutor$Worker.run(ThreadPoolExecutor.java:617) [na:1.8.0_91]
	at java.lang.Thread.run(Thread.java:745) [na:1.8.0_91]

2021-09-29 17:40:56.990  INFO [teacher-server,,,] 8860 --- [DiscoveryClient-CacheRefreshExecutor-0] o.a.http.impl.client.DefaultHttpClient   : I/O exception (java.net.SocketException) caught when processing request to {}->http://localhost:8761: Connection reset
2021-09-29 17:40:56.990  INFO [teacher-server,,,] 8860 --- [DiscoveryClient-CacheRefreshExecutor-0] o.a.http.impl.client.DefaultHttpClient   : Retrying request to {}->http://localhost:8761
2021-09-29 17:40:56.991  INFO [teacher-server,,,] 8860 --- [DiscoveryClient-CacheRefreshExecutor-0] o.a.http.impl.client.DefaultHttpClient   : I/O exception (java.net.SocketException) caught when processing request to {}->http://localhost:8761: Connection reset by peer: socket write error
2021-09-29 17:40:56.992  INFO [teacher-server,,,] 8860 --- [DiscoveryClient-CacheRefreshExecutor-0] o.a.http.impl.client.DefaultHttpClient   : Retrying request to {}->http://localhost:8761
2021-09-29 17:40:56.993  INFO [teacher-server,,,] 8860 --- [DiscoveryClient-CacheRefreshExecutor-0] o.a.http.impl.client.DefaultHttpClient   : I/O exception (java.net.SocketException) caught when processing request to {}->http://localhost:8761: Connection reset by peer: socket write error
2021-09-29 17:40:56.993  INFO [teacher-server,,,] 8860 --- [DiscoveryClient-CacheRefreshExecutor-0] o.a.http.impl.client.DefaultHttpClient   : Retrying request to {}->http://localhost:8761
2021-09-29 17:40:56.994  WARN [teacher-server,,,] 8860 --- [DiscoveryClient-CacheRefreshExecutor-0] c.n.d.s.t.d.RetryableEurekaHttpClient    : Request execution failed with message: java.net.SocketException: Connection reset by peer: socket write error
2021-09-29 17:40:56.996  INFO [teacher-server,,,] 8860 --- [DiscoveryClient-CacheRefreshExecutor-0] o.a.http.impl.client.DefaultHttpClient   : I/O exception (java.net.SocketException) caught when processing request to {}->http://localhost:8761: Connection reset by peer: socket write error
2021-09-29 17:40:56.996  INFO [teacher-server,,,] 8860 --- [DiscoveryClient-CacheRefreshExecutor-0] o.a.http.impl.client.DefaultHttpClient   : Retrying request to {}->http://localhost:8761
2021-09-29 17:40:56.997  INFO [teacher-server,,,] 8860 --- [DiscoveryClient-CacheRefreshExecutor-0] o.a.http.impl.client.DefaultHttpClient   : I/O exception (java.net.SocketException) caught when processing request to {}->http://localhost:8761: Connection reset by peer: socket write error
2021-09-29 17:40:56.997  INFO [teacher-server,,,] 8860 --- [DiscoveryClient-CacheRefreshExecutor-0] o.a.http.impl.client.DefaultHttpClient   : Retrying request to {}->http://localhost:8761
2021-09-29 17:40:56.998  INFO [teacher-server,,,] 8860 --- [DiscoveryClient-CacheRefreshExecutor-0] o.a.http.impl.client.DefaultHttpClient   : I/O exception (java.net.SocketException) caught when processing request to {}->http://localhost:8761: Connection reset by peer: socket write error
2021-09-29 17:40:56.998  INFO [teacher-server,,,] 8860 --- [DiscoveryClient-CacheRefreshExecutor-0] o.a.http.impl.client.DefaultHttpClient   : Retrying request to {}->http://localhost:8761
2021-09-29 17:40:57.233  INFO [teacher-server,,,] 8860 --- [SpringContextShutdownHook] o.s.a.r.l.SimpleMessageListenerContainer : Waiting for workers to finish.
2021-09-29 17:40:57.780  INFO [teacher-server,,,] 8860 --- [SpringContextShutdownHook] o.s.a.r.l.SimpleMessageListenerContainer : Successfully waited for workers to finish.
2021-09-29 17:40:57.781  INFO [teacher-server,,,] 8860 --- [SpringContextShutdownHook] o.s.i.a.i.AmqpInboundChannelAdapter      : stopped bean 'inbound.springCloudBus.anonymous.KrKffovaRTuBQ2ATcBnD8w'
2021-09-29 17:40:57.787  INFO [teacher-server,,,] 8860 --- [SpringContextShutdownHook] o.s.c.stream.binder.BinderErrorChannel   : Channel 'application-1.springCloudBus.anonymous.KrKffovaRTuBQ2ATcBnD8w.errors' has 1 subscriber(s).
2021-09-29 17:40:57.788  INFO [teacher-server,,,] 8860 --- [SpringContextShutdownHook] o.s.c.stream.binder.BinderErrorChannel   : Channel 'application-1.springCloudBus.anonymous.KrKffovaRTuBQ2ATcBnD8w.errors' has 0 subscriber(s).
2021-09-29 17:40:57.794  INFO [teacher-server,,,] 8860 --- [SpringContextShutdownHook] o.s.i.endpoint.EventDrivenConsumer       : Removing {logging-channel-adapter:_org.springframework.integration.errorLogger} as a subscriber to the 'errorChannel' channel
2021-09-29 17:40:57.794  INFO [teacher-server,,,] 8860 --- [SpringContextShutdownHook] o.s.i.channel.PublishSubscribeChannel    : Channel 'application-1.errorChannel' has 0 subscriber(s).
2021-09-29 17:40:57.794  INFO [teacher-server,,,] 8860 --- [SpringContextShutdownHook] o.s.i.endpoint.EventDrivenConsumer       : stopped bean '_org.springframework.integration.errorLogger'
2021-09-29 17:40:57.800  INFO [teacher-server,,,] 8860 --- [SpringContextShutdownHook] o.s.s.concurrent.ThreadPoolTaskExecutor  : Shutting down ExecutorService 'applicationTaskExecutor'
2021-09-29 17:40:57.803  INFO [teacher-server,,,] 8860 --- [SpringContextShutdownHook] o.s.s.c.ThreadPoolTaskScheduler          : Shutting down ExecutorService 'taskScheduler'
2021-09-29 17:40:57.904  INFO [teacher-server,,,] 8860 --- [SpringContextShutdownHook] o.s.i.monitor.IntegrationMBeanExporter   : Summary on shutdown: bean 'springCloudBusOutput'
2021-09-29 17:40:57.904  INFO [teacher-server,,,] 8860 --- [SpringContextShutdownHook] o.s.i.monitor.IntegrationMBeanExporter   : Summary on shutdown: nullChannel
2021-09-29 17:40:57.904  INFO [teacher-server,,,] 8860 --- [SpringContextShutdownHook] o.s.i.monitor.IntegrationMBeanExporter   : Summary on shutdown: bean 'springCloudBusInput'
2021-09-29 17:40:57.904  INFO [teacher-server,,,] 8860 --- [SpringContextShutdownHook] o.s.i.monitor.IntegrationMBeanExporter   : Summary on shutdown: bean 'errorChannel'
2021-09-29 17:40:57.904  INFO [teacher-server,,,] 8860 --- [SpringContextShutdownHook] o.s.i.monitor.IntegrationMBeanExporter   : Summary on shutdown: bean '_org.springframework.integration.errorLogger.handler' for component '_org.springframework.integration.errorLogger'
2021-09-29 17:40:57.904  INFO [teacher-server,,,] 8860 --- [SpringContextShutdownHook] o.s.i.monitor.IntegrationMBeanExporter   : Summary on shutdown: org.springframework.cloud.stream.binding.StreamListenerMessageHandler@54b48b
2021-09-29 17:40:59.796  WARN [teacher-server,,,] 8860 --- [DiscoveryClient-1] c.netflix.discovery.TimedSupervisorTask  : task supervisor timed out

java.util.concurrent.TimeoutException: null
	at java.util.concurrent.FutureTask.get(FutureTask.java:205) [na:1.8.0_91]
	at com.netflix.discovery.TimedSupervisorTask.run(TimedSupervisorTask.java:68) ~[eureka-client-1.10.7.jar:1.10.7]
	at java.util.concurrent.Executors$RunnableAdapter.call(Executors.java:511) [na:1.8.0_91]
	at java.util.concurrent.FutureTask.run$$$capture(FutureTask.java:266) [na:1.8.0_91]
	at java.util.concurrent.FutureTask.run(FutureTask.java) [na:1.8.0_91]
	at java.util.concurrent.ScheduledThreadPoolExecutor$ScheduledFutureTask.access$201(ScheduledThreadPoolExecutor.java:180) [na:1.8.0_91]
	at java.util.concurrent.ScheduledThreadPoolExecutor$ScheduledFutureTask.run(ScheduledThreadPoolExecutor.java:293) [na:1.8.0_91]
	at java.util.concurrent.ThreadPoolExecutor.runWorker(ThreadPoolExecutor.java:1142) [na:1.8.0_91]
	at java.util.concurrent.ThreadPoolExecutor$Worker.run(ThreadPoolExecutor.java:617) [na:1.8.0_91]
	at java.lang.Thread.run(Thread.java:745) [na:1.8.0_91]

2021-09-29 17:41:01.073  WARN [teacher-server,,,] 8860 --- [DiscoveryClient-CacheRefreshExecutor-0] c.n.d.s.t.d.RetryableEurekaHttpClient    : Request execution failed with message: java.net.ConnectException: Connection refused: connect
2021-09-29 17:41:05.025  WARN [teacher-server,,,] 8860 --- [SpringContextShutdownHook] c.n.d.s.t.d.RetryableEurekaHttpClient    : Request execution failed with message: java.net.ConnectException: Connection refused: connect
2021-09-29 17:41:05.025 ERROR [teacher-server,,,] 8860 --- [SpringContextShutdownHook] com.netflix.discovery.DiscoveryClient    : DiscoveryClient_TEACHER-SERVER/192.168.41.102:9234 - de-registration failedCannot execute request on any known server

com.netflix.discovery.shared.transport.TransportException: Cannot execute request on any known server
	at com.netflix.discovery.shared.transport.decorator.RetryableEurekaHttpClient.execute(RetryableEurekaHttpClient.java:112) ~[eureka-client-1.10.7.jar:1.10.7]
	at com.netflix.discovery.shared.transport.decorator.EurekaHttpClientDecorator.cancel(EurekaHttpClientDecorator.java:71) ~[eureka-client-1.10.7.jar:1.10.7]
	at com.netflix.discovery.shared.transport.decorator.EurekaHttpClientDecorator$2.execute(EurekaHttpClientDecorator.java:74) ~[eureka-client-1.10.7.jar:1.10.7]
	at com.netflix.discovery.shared.transport.decorator.SessionedEurekaHttpClient.execute(SessionedEurekaHttpClient.java:77) ~[eureka-client-1.10.7.jar:1.10.7]
	at com.netflix.discovery.shared.transport.decorator.EurekaHttpClientDecorator.cancel(EurekaHttpClientDecorator.java:71) ~[eureka-client-1.10.7.jar:1.10.7]
	at com.netflix.discovery.DiscoveryClient.unregister(DiscoveryClient.java:972) [eureka-client-1.10.7.jar:1.10.7]
	at com.netflix.discovery.DiscoveryClient.shutdown(DiscoveryClient.java:948) [eureka-client-1.10.7.jar:1.10.7]
	at sun.reflect.NativeMethodAccessorImpl.invoke0(Native Method) ~[na:1.8.0_91]
	at sun.reflect.NativeMethodAccessorImpl.invoke(NativeMethodAccessorImpl.java:62) ~[na:1.8.0_91]
	at sun.reflect.DelegatingMethodAccessorImpl.invoke(DelegatingMethodAccessorImpl.java:43) ~[na:1.8.0_91]
	at java.lang.reflect.Method.invoke(Method.java:498) ~[na:1.8.0_91]
	at org.springframework.beans.factory.annotation.InitDestroyAnnotationBeanPostProcessor$LifecycleElement.invoke(InitDestroyAnnotationBeanPostProcessor.java:389) [spring-beans-5.2.8.RELEASE.jar:5.2.8.RELEASE]
	at org.springframework.beans.factory.annotation.InitDestroyAnnotationBeanPostProcessor$LifecycleMetadata.invokeDestroyMethods(InitDestroyAnnotationBeanPostProcessor.java:347) [spring-beans-5.2.8.RELEASE.jar:5.2.8.RELEASE]
	at org.springframework.beans.factory.annotation.InitDestroyAnnotationBeanPostProcessor.postProcessBeforeDestruction(InitDestroyAnnotationBeanPostProcessor.java:177) [spring-beans-5.2.8.RELEASE.jar:5.2.8.RELEASE]
	at org.springframework.beans.factory.support.DisposableBeanAdapter.destroy(DisposableBeanAdapter.java:242) [spring-beans-5.2.8.RELEASE.jar:5.2.8.RELEASE]
	at org.springframework.beans.factory.support.DisposableBeanAdapter.run(DisposableBeanAdapter.java:235) [spring-beans-5.2.8.RELEASE.jar:5.2.8.RELEASE]
	at org.springframework.cloud.context.scope.GenericScope$BeanLifecycleWrapper.destroy(GenericScope.java:403) [spring-cloud-context-2.2.6.RELEASE.jar:2.2.6.RELEASE]
	at org.springframework.cloud.context.scope.GenericScope.destroy(GenericScope.java:142) [spring-cloud-context-2.2.6.RELEASE.jar:2.2.6.RELEASE]
	at org.springframework.beans.factory.support.DisposableBeanAdapter.destroy(DisposableBeanAdapter.java:258) [spring-beans-5.2.8.RELEASE.jar:5.2.8.RELEASE]
	at org.springframework.beans.factory.support.DefaultSingletonBeanRegistry.destroyBean(DefaultSingletonBeanRegistry.java:579) [spring-beans-5.2.8.RELEASE.jar:5.2.8.RELEASE]
	at org.springframework.beans.factory.support.DefaultSingletonBeanRegistry.destroySingleton(DefaultSingletonBeanRegistry.java:551) [spring-beans-5.2.8.RELEASE.jar:5.2.8.RELEASE]
	at org.springframework.beans.factory.support.DefaultListableBeanFactory.destroySingleton(DefaultListableBeanFactory.java:1092) [spring-beans-5.2.8.RELEASE.jar:5.2.8.RELEASE]
	at org.springframework.beans.factory.support.DefaultSingletonBeanRegistry.destroySingletons(DefaultSingletonBeanRegistry.java:512) [spring-beans-5.2.8.RELEASE.jar:5.2.8.RELEASE]
	at org.springframework.beans.factory.support.DefaultListableBeanFactory.destroySingletons(DefaultListableBeanFactory.java:1085) [spring-beans-5.2.8.RELEASE.jar:5.2.8.RELEASE]
	at org.springframework.context.support.AbstractApplicationContext.destroyBeans(AbstractApplicationContext.java:1061) [spring-context-5.2.8.RELEASE.jar:5.2.8.RELEASE]
	at org.springframework.context.support.AbstractApplicationContext.doClose(AbstractApplicationContext.java:1030) [spring-context-5.2.8.RELEASE.jar:5.2.8.RELEASE]
	at org.springframework.boot.web.servlet.context.ServletWebServerApplicationContext.doClose(ServletWebServerApplicationContext.java:170) [spring-boot-2.3.2.RELEASE.jar:2.3.2.RELEASE]
	at org.springframework.context.support.AbstractApplicationContext$1.run(AbstractApplicationContext.java:949) [spring-context-5.2.8.RELEASE.jar:5.2.8.RELEASE]

